<?xml version="1.0" encoding="UTF-8"?>
<beans xmlns:xsi="http://www.w3.org/2001/XMLSchema-instance"
	xmlns="http://www.springframework.org/schema/beans" xmlns:context="http://www.springframework.org/schema/context"
	xmlns:tx="http://www.springframework.org/schema/tx" xmlns:aop="http://www.springframework.org/schema/aop"
	xmlns:task="http://www.springframework.org/schema/task" xmlns:mvc="http://www.springframework.org/schema/mvc"
	xsi:schemaLocation="http://www.springframework.org/schema/beans  http://www.springframework.org/schema/beans/spring-beans-3.1.xsd         
         http://www.springframework.org/schema/context http://www.springframework.org/schema/context/spring-context-3.1.xsd                       
         http://www.springframework.org/schema/tx http://www.springframework.org/schema/tx/spring-tx-3.1.xsd                                      
         http://www.springframework.org/schema/aop http://www.springframework.org/schema/aop/spring-aop-3.1.xsd                                   
         http://www.springframework.org/schema/task http://www.springframework.org/schema/task/spring-task-3.1.xsd
         http://www.springframework.org/schema/mvc http://www.springframework.org/schema/mvc/spring-mvc-3.1.xsd">

	<!-- post-processors for all standard config annotations -->
	<mvc:annotation-driven />
	<mvc:default-servlet-handler/>
	<context:annotation-config />
	<!-- Enable the default Swagger documentation controller -->
	<context:component-scan base-package="com.mangofactory.swagger.controllers" />
	<!-- Pick up the bundled spring config -->
	<context:component-scan base-package="com.mangofactory.swagger.configuration" />
	
 	<context:component-scan base-package="py.com.sodep.mobileforms.web" /> 
	<!-- Business context file -->
	<!-- <import resource="business-applicationContext.xml" /> -->

	<!-- JACKSON -->
	<bean id="jacksonObjectMapperFactory" class="py.com.sodep.mobileforms.web.acme.JacksonMapperFactory" />
	<bean id="jacksonObjectMapper" factory-bean="jacksonObjectMapperFactory"
		factory-method="createInstance" />
	<!-- <bean id="jacksonObjectMapper" class="org.codehaus.jackson.map.ObjectMapper" 
		> </bean> -->
	<bean id="jacksonMessageConverter"
	    
		class="org.springframework.http.converter.json.MappingJackson2HttpMessageConverter">
		<property name="objectMapper" ref="jacksonObjectMapper" />
	</bean>

	<bean
		class="org.springframework.web.servlet.mvc.annotation.AnnotationMethodHandlerAdapter">
		<property name="messageConverters">
			<list>
				<ref bean="jacksonMessageConverter" />
			</list>
		</property>
	</bean>
	<!-- Bean Validator -->
	<bean id="validator"
		class="org.springframework.validation.beanvalidation.LocalValidatorFactoryBean" />
	<!-- FreeMarker -->
	<bean id="freeMarkerViewResolver"
		class="org.springframework.web.servlet.view.freemarker.FreeMarkerViewResolver">
		<property name="cache" value="true" />
		<property name="prefix" value="" />
		<property name="suffix" value="" />
		<property name="requestContextAttribute" value="rc" />
		<property name="contentType" value="text/html;charset=UTF-8" />
	</bean>

	<!-- TODO: The parameters of strongSizeLimit and softSizeLimit should be further 
		analyzed and set according to needs and performance metrics -->
	<bean id="configurationCacheStore" class="freemarker.cache.MruCacheStorage">
		<constructor-arg name="strongSizeLimit">
			<value>10</value>
		</constructor-arg>
		<constructor-arg name="softSizeLimit">
			<value>10</value>
		</constructor-arg>
	</bean>

	<bean id="configurationFactory"
		class="py.com.sodep.mobileforms.web.acme.FreeMarkerLoaderFactory">
		<property name="cache" ref="configurationCacheStore" />
		<property name="templatePath">
			<value>WEB-INF/freemarker/</value>
		</property>
		<property name="defaultEncoding">
			<value>UTF-8</value>
		</property>
	</bean>

	<bean id="mfFreemarkerConf" factory-bean="configurationFactory"
		factory-method="createInstance" />
	<bean id="freemarkerConfig"
		class="org.springframework.web.servlet.view.freemarker.FreeMarkerConfigurer">
		<property name="configuration">
			<ref bean="mfFreemarkerConf" />
		</property>
	</bean>



	<bean id="WebFSProperties"
		class="org.springframework.beans.factory.config.PropertyPlaceholderConfigurer">
		<property name="ignoreResourceNotFound" value="false" />
		<property name="locations">
			<list>
				<value>file:///${MOBILEFORMS_HOME}/server.properties</value>
			</list>
		</property>
	</bean>
	<!-- File UPLOADING -->
	<bean id="multipartResolver"
		class="org.springframework.web.multipart.commons.CommonsMultipartResolver" />

	<mvc:interceptors>
		<bean
			class="py.com.sodep.mobileforms.web.interceptors.InputSanitizerInterceptor"></bean>
	</mvc:interceptors>
</beans>